Using pre-set license
Built from '2020.3/staging' branch; Version is '2020.3.6f1 (338bb68529b2) revision 3378102'; Using compiler version '192528614'; Build Type 'Release'
OS: 'Windows 10 Home; OS build 19042.1110; Version 2009; 64bit' Language: 'de' Physical Memory: 8043 MB
BatchMode: 1, IsHumanControllingUs: 0, StartBugReporterOnCrash: 0, Is64bit: 1, IsPro: 0

 COMMAND LINE ARGUMENTS:
C:\Program Files\Unity\Hub\Editor\2020.3.6f1\Editor\Unity.exe
-adb2
-batchMode
-noUpm
-name
AssetImportWorker3
-projectPath
C:/Users/Sina/Documents/Uni/4. Semester/Teamprojekt/Klimamuseum_070721
-logFile
Logs/AssetImportWorker3.log
-srvPort
51254
Successfully changed project path to: C:/Users/Sina/Documents/Uni/4. Semester/Teamprojekt/Klimamuseum_070721
C:/Users/Sina/Documents/Uni/4. Semester/Teamprojekt/Klimamuseum_070721
Using Asset Import Pipeline V2.
Assets/bowl/bowl.c4d: Unity no longer supports importing Cinema 4D files directly, but we're working with Maxon to make the experience better. To import Cinema 4D files, install Maxon's external importer. You can find more information on the Unity Forum: https://on.unity.com/c4d.

Please note that FBX files exported from Cinema4D are still supported.

Refreshing native plugins compatible for Editor in 716.64 ms, found 6 plugins.
Preloading 0 native plugins for Editor in 0.00 ms.
Initialize engine version: 2020.3.6f1 (338bb68529b2)
[Subsystems] Discovering subsystems at path C:/Program Files/Unity/Hub/Editor/2020.3.6f1/Editor/Data/Resources/UnitySubsystems
[Subsystems] Discovering subsystems at path C:/Users/Sina/Documents/Uni/4. Semester/Teamprojekt/Klimamuseum_070721/Assets
GfxDevice: creating device client; threaded=0
Direct3D:
    Version:  Direct3D 11.0 [level 11.1]
    Renderer: Intel(R) HD Graphics 515 (ID=0x191e)
    Vendor:   
    VRAM:     4021 MB
    Driver:   26.20.100.7986
Initialize mono
Mono path[0] = 'C:/Program Files/Unity/Hub/Editor/2020.3.6f1/Editor/Data/Managed'
Mono path[1] = 'C:/Program Files/Unity/Hub/Editor/2020.3.6f1/Editor/Data/MonoBleedingEdge/lib/mono/unityjit'
Mono config path = 'C:/Program Files/Unity/Hub/Editor/2020.3.6f1/Editor/Data/MonoBleedingEdge/etc'
Using monoOptions --debugger-agent=transport=dt_socket,embedding=1,server=y,suspend=n,address=127.0.0.1:56216
Begin MonoManager ReloadAssembly
Registering precompiled unity dll's ...
Register platform support module: C:/Program Files/Unity/Hub/Editor/2020.3.6f1/Editor/Data/PlaybackEngines/WebGLSupport/UnityEditor.WebGL.Extensions.dll
Register platform support module: C:/Program Files/Unity/Hub/Editor/2020.3.6f1/Editor/Data/PlaybackEngines/WindowsStandaloneSupport/UnityEditor.WindowsStandalone.Extensions.dll
Registered in 0.015896 seconds.
Native extension for WindowsStandalone target not found
Native extension for WebGL target not found
Assets/bowl/bowl.c4d: Unity no longer supports importing Cinema 4D files directly, but we're working with Maxon to make the experience better. To import Cinema 4D files, install Maxon's external importer. You can find more information on the Unity Forum: https://on.unity.com/c4d.

Please note that FBX files exported from Cinema4D are still supported.

Refreshing native plugins compatible for Editor in 281.91 ms, found 6 plugins.
Preloading 0 native plugins for Editor in 0.00 ms.
Unable to find bridge dll in registry for Microsoft Visual Studio Tools for Unity for C:\Program Files (x86)\Microsoft Visual Studio\2019\Community\Common7\IDE\devenv.exe
Mono: successfully reloaded assembly
- Completed reload, in 10.038 seconds
Platform modules already initialized, skipping
Registering precompiled user dll's ...
Registered in 0.018740 seconds.
Begin MonoManager ReloadAssembly
Native extension for WindowsStandalone target not found
Native extension for WebGL target not found
Refreshing native plugins compatible for Editor in 2.83 ms, found 6 plugins.
Preloading 0 native plugins for Editor in 0.00 ms.
Mono: successfully reloaded assembly
- Completed reload, in  3.112 seconds
Platform modules already initialized, skipping
Assets/bowl/bowl.c4d: Unity no longer supports importing Cinema 4D files directly, but we're working with Maxon to make the experience better. To import Cinema 4D files, install Maxon's external importer. You can find more information on the Unity Forum: https://on.unity.com/c4d.

Please note that FBX files exported from Cinema4D are still supported.

========================================================================
Worker process is ready to serve import requests
Assets/bowl/bowl.c4d: Unity no longer supports importing Cinema 4D files directly, but we're working with Maxon to make the experience better. To import Cinema 4D files, install Maxon's external importer. You can find more information on the Unity Forum: https://on.unity.com/c4d.

Please note that FBX files exported from Cinema4D are still supported.

Launched and connected shader compiler UnityShaderCompiler.exe after 0.40 seconds
Refreshing native plugins compatible for Editor in 2.20 ms, found 6 plugins.
Preloading 0 native plugins for Editor in 0.00 ms.
Unloading 1246 Unused Serialized files (Serialized files now loaded: 0)
System memory in use before: 66.1 MB.
System memory in use after: 66.1 MB.

Unloading 27 unused Assets to reduce memory usage. Loaded Objects now: 1677.
Total: 4.098300 ms (FindLiveObjects: 0.401300 ms CreateObjectMapping: 0.147900 ms MarkObjects: 3.301900 ms  DeleteObjects: 0.243100 ms)

========================================================================
Received Import Request.
  path: Assets/ZFBrowser/Scripts/BrowserUI/ExtractingImage.cs
  artifactKey: Guid(7fd375fd86576ce43a50fc9c45656ec3) Importer(815301076,1909f56bfc062723c751e8b465ee728b)
Start importing Assets/ZFBrowser/Scripts/BrowserUI/ExtractingImage.cs using Guid(7fd375fd86576ce43a50fc9c45656ec3) Importer(815301076,1909f56bfc062723c751e8b465ee728b)  -> (artifact id: '0f3b0cfa9315f3b76b51f6c43cee45b9') in 0.437653 seconds
  Import took 0.459738 seconds .

========================================================================
Received Prepare
Assets/bowl/bowl.c4d: Unity no longer supports importing Cinema 4D files directly, but we're working with Maxon to make the experience better. To import Cinema 4D files, install Maxon's external importer. You can find more information on the Unity Forum: https://on.unity.com/c4d.

Please note that FBX files exported from Cinema4D are still supported.

Registering precompiled user dll's ...
Registered in 0.021314 seconds.
Begin MonoManager ReloadAssembly
Native extension for WindowsStandalone target not found
Native extension for WebGL target not found
Refreshing native plugins compatible for Editor in 1.31 ms, found 6 plugins.
Preloading 0 native plugins for Editor in 0.00 ms.
Mono: successfully reloaded assembly
- Completed reload, in  6.921 seconds
Platform modules already initialized, skipping
Refreshing native plugins compatible for Editor in 2.12 ms, found 6 plugins.
Preloading 0 native plugins for Editor in 0.00 ms.
Unloading 1223 Unused Serialized files (Serialized files now loaded: 0)
System memory in use before: 64.2 MB.
System memory in use after: 64.3 MB.

Unloading 22 unused Assets to reduce memory usage. Loaded Objects now: 1680.
Total: 15.187500 ms (FindLiveObjects: 7.717000 ms CreateObjectMapping: 0.456500 ms MarkObjects: 6.935100 ms  DeleteObjects: 0.074400 ms)

========================================================================
Received Prepare
Assets/bowl/bowl.c4d: Unity no longer supports importing Cinema 4D files directly, but we're working with Maxon to make the experience better. To import Cinema 4D files, install Maxon's external importer. You can find more information on the Unity Forum: https://on.unity.com/c4d.

Please note that FBX files exported from Cinema4D are still supported.

Registering precompiled user dll's ...
Registered in 0.031747 seconds.
Begin MonoManager ReloadAssembly
Native extension for WindowsStandalone target not found
Native extension for WebGL target not found
Refreshing native plugins compatible for Editor in 4.98 ms, found 6 plugins.
Preloading 0 native plugins for Editor in 0.00 ms.
Mono: successfully reloaded assembly
- Completed reload, in  5.771 seconds
Platform modules already initialized, skipping
Refreshing native plugins compatible for Editor in 1.84 ms, found 6 plugins.
Preloading 0 native plugins for Editor in 0.00 ms.
Unloading 1223 Unused Serialized files (Serialized files now loaded: 0)
System memory in use before: 64.2 MB.
System memory in use after: 64.3 MB.

Unloading 22 unused Assets to reduce memory usage. Loaded Objects now: 1683.
Total: 4.945600 ms (FindLiveObjects: 0.565200 ms CreateObjectMapping: 0.180600 ms MarkObjects: 4.146200 ms  DeleteObjects: 0.050300 ms)

========================================================================
Received Prepare
Assets/bowl/bowl.c4d: Unity no longer supports importing Cinema 4D files directly, but we're working with Maxon to make the experience better. To import Cinema 4D files, install Maxon's external importer. You can find more information on the Unity Forum: https://on.unity.com/c4d.

Please note that FBX files exported from Cinema4D are still supported.

Registering precompiled user dll's ...
Registered in 0.021351 seconds.
Begin MonoManager ReloadAssembly
Native extension for WindowsStandalone target not found
Native extension for WebGL target not found
Refreshing native plugins compatible for Editor in 1.27 ms, found 6 plugins.
Preloading 0 native plugins for Editor in 0.00 ms.
Mono: successfully reloaded assembly
- Completed reload, in  8.182 seconds
Platform modules already initialized, skipping
Refreshing native plugins compatible for Editor in 1.34 ms, found 6 plugins.
Preloading 0 native plugins for Editor in 0.00 ms.
Unloading 1223 Unused Serialized files (Serialized files now loaded: 0)
System memory in use before: 64.2 MB.
System memory in use after: 64.4 MB.

Unloading 22 unused Assets to reduce memory usage. Loaded Objects now: 1686.
Total: 5.220600 ms (FindLiveObjects: 0.375700 ms CreateObjectMapping: 0.108800 ms MarkObjects: 4.680300 ms  DeleteObjects: 0.052000 ms)

========================================================================
Received Import Request.
  Time since last request: 1137.514021 seconds.
  path: Assets/Scripts/Games/Afforestation/Panel.cs
  artifactKey: Guid(1a97a5305587c484fa2b831326fe3087) Importer(815301076,1909f56bfc062723c751e8b465ee728b)
Start importing Assets/Scripts/Games/Afforestation/Panel.cs using Guid(1a97a5305587c484fa2b831326fe3087) Importer(815301076,1909f56bfc062723c751e8b465ee728b)  -> (artifact id: '2d029291ec3c686ed83fece50fbeb043') in 0.433352 seconds
  Import took 0.827295 seconds .

========================================================================
Received Prepare
Assets/bowl/bowl.c4d: Unity no longer supports importing Cinema 4D files directly, but we're working with Maxon to make the experience better. To import Cinema 4D files, install Maxon's external importer. You can find more information on the Unity Forum: https://on.unity.com/c4d.

Please note that FBX files exported from Cinema4D are still supported.

Registering precompiled user dll's ...
Registered in 0.032608 seconds.
Begin MonoManager ReloadAssembly
Native extension for WindowsStandalone target not found
Native extension for WebGL target not found
Refreshing native plugins compatible for Editor in 1.02 ms, found 6 plugins.
Preloading 0 native plugins for Editor in 0.00 ms.
Mono: successfully reloaded assembly
- Completed reload, in  5.027 seconds
Platform modules already initialized, skipping
Refreshing native plugins compatible for Editor in 2.06 ms, found 6 plugins.
Preloading 0 native plugins for Editor in 0.00 ms.
Unloading 1224 Unused Serialized files (Serialized files now loaded: 0)
System memory in use before: 64.3 MB.
System memory in use after: 64.4 MB.

Unloading 22 unused Assets to reduce memory usage. Loaded Objects now: 1690.
Total: 10.337000 ms (FindLiveObjects: 0.436000 ms CreateObjectMapping: 2.384600 ms MarkObjects: 7.470100 ms  DeleteObjects: 0.042500 ms)

========================================================================
Received Prepare
Assets/bowl/bowl.c4d: Unity no longer supports importing Cinema 4D files directly, but we're working with Maxon to make the experience better. To import Cinema 4D files, install Maxon's external importer. You can find more information on the Unity Forum: https://on.unity.com/c4d.

Please note that FBX files exported from Cinema4D are still supported.

Registering precompiled user dll's ...
Registered in 0.068956 seconds.
Begin MonoManager ReloadAssembly
Native extension for WindowsStandalone target not found
Native extension for WebGL target not found
Refreshing native plugins compatible for Editor in 1.58 ms, found 6 plugins.
Preloading 0 native plugins for Editor in 0.00 ms.
Mono: successfully reloaded assembly
- Completed reload, in  3.586 seconds
Platform modules already initialized, skipping
Refreshing native plugins compatible for Editor in 1.86 ms, found 6 plugins.
Preloading 0 native plugins for Editor in 0.00 ms.
Unloading 1224 Unused Serialized files (Serialized files now loaded: 0)
System memory in use before: 64.3 MB.
System memory in use after: 64.4 MB.

Unloading 22 unused Assets to reduce memory usage. Loaded Objects now: 1693.
Total: 64.491100 ms (FindLiveObjects: 18.844500 ms CreateObjectMapping: 1.203500 ms MarkObjects: 44.338600 ms  DeleteObjects: 0.098000 ms)

========================================================================
Received Import Request.
  Time since last request: 187.491848 seconds.
  path: Assets/Scripts/Games/Panel.cs
  artifactKey: Guid(1a97a5305587c484fa2b831326fe3087) Importer(815301076,1909f56bfc062723c751e8b465ee728b)
Start importing Assets/Scripts/Games/Panel.cs using Guid(1a97a5305587c484fa2b831326fe3087) Importer(815301076,1909f56bfc062723c751e8b465ee728b)  -> (artifact id: 'b83b633a3fd925595f389c368d2420f3') in 0.056626 seconds
  Import took 0.067354 seconds .

========================================================================
Received Prepare
Assets/bowl/bowl.c4d: Unity no longer supports importing Cinema 4D files directly, but we're working with Maxon to make the experience better. To import Cinema 4D files, install Maxon's external importer. You can find more information on the Unity Forum: https://on.unity.com/c4d.

Please note that FBX files exported from Cinema4D are still supported.

Registering precompiled user dll's ...
Registered in 0.023738 seconds.
Begin MonoManager ReloadAssembly
Native extension for WindowsStandalone target not found
Native extension for WebGL target not found
Refreshing native plugins compatible for Editor in 3.23 ms, found 6 plugins.
Preloading 0 native plugins for Editor in 0.00 ms.
Mono: successfully reloaded assembly
- Completed reload, in 20.702 seconds
Platform modules already initialized, skipping
Refreshing native plugins compatible for Editor in 5.08 ms, found 6 plugins.
Preloading 0 native plugins for Editor in 0.00 ms.
Unloading 1224 Unused Serialized files (Serialized files now loaded: 0)
System memory in use before: 64.3 MB.
System memory in use after: 64.4 MB.

Unloading 22 unused Assets to reduce memory usage. Loaded Objects now: 1696.
Total: 25.484300 ms (FindLiveObjects: 4.506200 ms CreateObjectMapping: 0.200900 ms MarkObjects: 20.692600 ms  DeleteObjects: 0.078300 ms)

========================================================================
Received Prepare
Assets/bowl/bowl.c4d: Unity no longer supports importing Cinema 4D files directly, but we're working with Maxon to make the experience better. To import Cinema 4D files, install Maxon's external importer. You can find more information on the Unity Forum: https://on.unity.com/c4d.

Please note that FBX files exported from Cinema4D are still supported.

Registering precompiled user dll's ...
Registered in 0.022956 seconds.
Begin MonoManager ReloadAssembly
Native extension for WindowsStandalone target not found
Native extension for WebGL target not found
Refreshing native plugins compatible for Editor in 1.04 ms, found 6 plugins.
Preloading 0 native plugins for Editor in 0.00 ms.
Mono: successfully reloaded assembly
- Completed reload, in  4.965 seconds
Platform modules already initialized, skipping
Refreshing native plugins compatible for Editor in 0.92 ms, found 6 plugins.
Preloading 0 native plugins for Editor in 0.00 ms.
Unloading 1224 Unused Serialized files (Serialized files now loaded: 0)
System memory in use before: 64.3 MB.
System memory in use after: 64.4 MB.

Unloading 22 unused Assets to reduce memory usage. Loaded Objects now: 1699.
Total: 5.782900 ms (FindLiveObjects: 0.462700 ms CreateObjectMapping: 0.087700 ms MarkObjects: 5.184000 ms  DeleteObjects: 0.044500 ms)

========================================================================
Received Import Request.
  Time since last request: 570.566678 seconds.
  path: Assets/Scripts/Games/Afforestation/EventListener.cs
  artifactKey: Guid(ad4f18787662cdb40a2e4fecb2679ffe) Importer(815301076,1909f56bfc062723c751e8b465ee728b)
Start importing Assets/Scripts/Games/Afforestation/EventListener.cs using Guid(ad4f18787662cdb40a2e4fecb2679ffe) Importer(815301076,1909f56bfc062723c751e8b465ee728b)  -> (artifact id: 'e1642b8100638575aef851a6a48b1a7a') in 0.303199 seconds
  Import took 0.322866 seconds .

========================================================================
Received Prepare
Assets/bowl/bowl.c4d: Unity no longer supports importing Cinema 4D files directly, but we're working with Maxon to make the experience better. To import Cinema 4D files, install Maxon's external importer. You can find more information on the Unity Forum: https://on.unity.com/c4d.

Please note that FBX files exported from Cinema4D are still supported.

Registering precompiled user dll's ...
Registered in 0.040090 seconds.
Begin MonoManager ReloadAssembly
Native extension for WindowsStandalone target not found
Native extension for WebGL target not found
Refreshing native plugins compatible for Editor in 1.39 ms, found 6 plugins.
Preloading 0 native plugins for Editor in 0.00 ms.
Mono: successfully reloaded assembly
- Completed reload, in  6.046 seconds
Platform modules already initialized, skipping
Refreshing native plugins compatible for Editor in 5.81 ms, found 6 plugins.
Preloading 0 native plugins for Editor in 0.00 ms.
Unloading 1224 Unused Serialized files (Serialized files now loaded: 0)
System memory in use before: 64.3 MB.
System memory in use after: 64.4 MB.

Unloading 22 unused Assets to reduce memory usage. Loaded Objects now: 1702.
Total: 12.545400 ms (FindLiveObjects: 0.540600 ms CreateObjectMapping: 0.182000 ms MarkObjects: 11.750300 ms  DeleteObjects: 0.060400 ms)

========================================================================
Received Prepare
Assets/bowl/bowl.c4d: Unity no longer supports importing Cinema 4D files directly, but we're working with Maxon to make the experience better. To import Cinema 4D files, install Maxon's external importer. You can find more information on the Unity Forum: https://on.unity.com/c4d.

Please note that FBX files exported from Cinema4D are still supported.

Registering precompiled user dll's ...
Registered in 0.015022 seconds.
Begin MonoManager ReloadAssembly
Native extension for WindowsStandalone target not found
Native extension for WebGL target not found
Refreshing native plugins compatible for Editor in 0.99 ms, found 6 plugins.
Preloading 0 native plugins for Editor in 0.00 ms.
Mono: successfully reloaded assembly
- Completed reload, in  5.122 seconds
Platform modules already initialized, skipping
Refreshing native plugins compatible for Editor in 3.46 ms, found 6 plugins.
Preloading 0 native plugins for Editor in 0.00 ms.
Unloading 1224 Unused Serialized files (Serialized files now loaded: 0)
System memory in use before: 64.3 MB.
System memory in use after: 64.4 MB.

Unloading 22 unused Assets to reduce memory usage. Loaded Objects now: 1705.
Total: 8.439200 ms (FindLiveObjects: 0.490200 ms CreateObjectMapping: 0.155800 ms MarkObjects: 7.694900 ms  DeleteObjects: 0.094600 ms)

========================================================================
Received Import Request.
  Time since last request: 51.243121 seconds.
  path: Assets/Scripts/Games/Afforestation/EventListenerAff.cs
  artifactKey: Guid(ad4f18787662cdb40a2e4fecb2679ffe) Importer(815301076,1909f56bfc062723c751e8b465ee728b)
Start importing Assets/Scripts/Games/Afforestation/EventListenerAff.cs using Guid(ad4f18787662cdb40a2e4fecb2679ffe) Importer(815301076,1909f56bfc062723c751e8b465ee728b)  -> (artifact id: 'd7eadc71f171f85a9d727d3abf6f92bd') in 0.048917 seconds
  Import took 0.072203 seconds .

========================================================================
Received Prepare
Assets/bowl/bowl.c4d: Unity no longer supports importing Cinema 4D files directly, but we're working with Maxon to make the experience better. To import Cinema 4D files, install Maxon's external importer. You can find more information on the Unity Forum: https://on.unity.com/c4d.

Please note that FBX files exported from Cinema4D are still supported.

Registering precompiled user dll's ...
Registered in 0.015846 seconds.
Begin MonoManager ReloadAssembly
Native extension for WindowsStandalone target not found
Native extension for WebGL target not found
Refreshing native plugins compatible for Editor in 1.15 ms, found 6 plugins.
Preloading 0 native plugins for Editor in 0.00 ms.
Mono: successfully reloaded assembly
- Completed reload, in  4.284 seconds
Platform modules already initialized, skipping
Refreshing native plugins compatible for Editor in 1.65 ms, found 6 plugins.
Preloading 0 native plugins for Editor in 0.00 ms.
Unloading 1224 Unused Serialized files (Serialized files now loaded: 0)
System memory in use before: 64.3 MB.
System memory in use after: 64.4 MB.

Unloading 22 unused Assets to reduce memory usage. Loaded Objects now: 1708.
Total: 10.110700 ms (FindLiveObjects: 0.731900 ms CreateObjectMapping: 0.259000 ms MarkObjects: 9.044700 ms  DeleteObjects: 0.065800 ms)

========================================================================
Received Prepare
Assets/bowl/bowl.c4d: Unity no longer supports importing Cinema 4D files directly, but we're working with Maxon to make the experience better. To import Cinema 4D files, install Maxon's external importer. You can find more information on the Unity Forum: https://on.unity.com/c4d.

Please note that FBX files exported from Cinema4D are still supported.

Registering precompiled user dll's ...
Registered in 0.020065 seconds.
Begin MonoManager ReloadAssembly
Native extension for WindowsStandalone target not found
Native extension for WebGL target not found
Refreshing native plugins compatible for Editor in 0.95 ms, found 6 plugins.
Preloading 0 native plugins for Editor in 0.00 ms.
Mono: successfully reloaded assembly
- Completed reload, in  4.593 seconds
Platform modules already initialized, skipping
Refreshing native plugins compatible for Editor in 2.05 ms, found 6 plugins.
Preloading 0 native plugins for Editor in 0.00 ms.
Unloading 1224 Unused Serialized files (Serialized files now loaded: 0)
System memory in use before: 64.3 MB.
System memory in use after: 64.4 MB.

Unloading 22 unused Assets to reduce memory usage. Loaded Objects now: 1711.
Total: 15.127800 ms (FindLiveObjects: 0.856800 ms CreateObjectMapping: 0.233900 ms MarkObjects: 13.861200 ms  DeleteObjects: 0.170600 ms)

========================================================================
Received Import Request.
  Time since last request: 324.709380 seconds.
  path: Assets/Scripts/Games/Afforestation/EventListenerAff.cs
  artifactKey: Guid(ad4f18787662cdb40a2e4fecb2679ffe) Importer(815301076,1909f56bfc062723c751e8b465ee728b)
Start importing Assets/Scripts/Games/Afforestation/EventListenerAff.cs using Guid(ad4f18787662cdb40a2e4fecb2679ffe) Importer(815301076,1909f56bfc062723c751e8b465ee728b)  -> (artifact id: 'e52f5c27a9f8d2a0c12f379388c2f2dc') in 0.065034 seconds
  Import took 0.079764 seconds .

========================================================================
Received Prepare
Assets/bowl/bowl.c4d: Unity no longer supports importing Cinema 4D files directly, but we're working with Maxon to make the experience better. To import Cinema 4D files, install Maxon's external importer. You can find more information on the Unity Forum: https://on.unity.com/c4d.

Please note that FBX files exported from Cinema4D are still supported.

Registering precompiled user dll's ...
Registered in 0.054436 seconds.
Begin MonoManager ReloadAssembly
Native extension for WindowsStandalone target not found
Native extension for WebGL target not found
Refreshing native plugins compatible for Editor in 1.47 ms, found 6 plugins.
Preloading 0 native plugins for Editor in 0.00 ms.
Mono: successfully reloaded assembly
- Completed reload, in 12.995 seconds
Platform modules already initialized, skipping
Refreshing native plugins compatible for Editor in 1.71 ms, found 6 plugins.
Preloading 0 native plugins for Editor in 0.00 ms.
Unloading 1224 Unused Serialized files (Serialized files now loaded: 0)
System memory in use before: 64.3 MB.
System memory in use after: 64.4 MB.

Unloading 22 unused Assets to reduce memory usage. Loaded Objects now: 1714.
Total: 8.821600 ms (FindLiveObjects: 0.540400 ms CreateObjectMapping: 0.614700 ms MarkObjects: 7.308800 ms  DeleteObjects: 0.352100 ms)

========================================================================
Received Prepare
Assets/bowl/bowl.c4d: Unity no longer supports importing Cinema 4D files directly, but we're working with Maxon to make the experience better. To import Cinema 4D files, install Maxon's external importer. You can find more information on the Unity Forum: https://on.unity.com/c4d.

Please note that FBX files exported from Cinema4D are still supported.

Registering precompiled user dll's ...
Registered in 0.031075 seconds.
Begin MonoManager ReloadAssembly
Native extension for WindowsStandalone target not found
Native extension for WebGL target not found
Refreshing native plugins compatible for Editor in 0.88 ms, found 6 plugins.
Preloading 0 native plugins for Editor in 0.00 ms.
Mono: successfully reloaded assembly
- Completed reload, in  2.272 seconds
Platform modules already initialized, skipping
Refreshing native plugins compatible for Editor in 1.34 ms, found 6 plugins.
Preloading 0 native plugins for Editor in 0.00 ms.
Unloading 1224 Unused Serialized files (Serialized files now loaded: 0)
System memory in use before: 64.3 MB.
System memory in use after: 64.4 MB.

Unloading 22 unused Assets to reduce memory usage. Loaded Objects now: 1717.
Total: 5.084300 ms (FindLiveObjects: 0.321500 ms CreateObjectMapping: 0.081100 ms MarkObjects: 4.622700 ms  DeleteObjects: 0.055700 ms)

========================================================================
Received Prepare
Assets/bowl/bowl.c4d: Unity no longer supports importing Cinema 4D files directly, but we're working with Maxon to make the experience better. To import Cinema 4D files, install Maxon's external importer. You can find more information on the Unity Forum: https://on.unity.com/c4d.

Please note that FBX files exported from Cinema4D are still supported.

Registering precompiled user dll's ...
Registered in 0.007004 seconds.
Begin MonoManager ReloadAssembly
Native extension for WindowsStandalone target not found
Native extension for WebGL target not found
Refreshing native plugins compatible for Editor in 0.66 ms, found 6 plugins.
Preloading 0 native plugins for Editor in 0.00 ms.
Mono: successfully reloaded assembly
- Completed reload, in  1.468 seconds
Platform modules already initialized, skipping
Refreshing native plugins compatible for Editor in 0.70 ms, found 6 plugins.
Preloading 0 native plugins for Editor in 0.00 ms.
Unloading 1224 Unused Serialized files (Serialized files now loaded: 0)
System memory in use before: 64.3 MB.
System memory in use after: 64.5 MB.

Unloading 22 unused Assets to reduce memory usage. Loaded Objects now: 1720.
Total: 3.662900 ms (FindLiveObjects: 0.285800 ms CreateObjectMapping: 0.123400 ms MarkObjects: 3.208500 ms  DeleteObjects: 0.043100 ms)

========================================================================
Received Import Request.
  Time since last request: 658.983634 seconds.
  path: Assets/Scripts/Games/Afforestation/EventListener.cs
  artifactKey: Guid(ad4f18787662cdb40a2e4fecb2679ffe) Importer(815301076,1909f56bfc062723c751e8b465ee728b)
Start importing Assets/Scripts/Games/Afforestation/EventListener.cs using Guid(ad4f18787662cdb40a2e4fecb2679ffe) Importer(815301076,1909f56bfc062723c751e8b465ee728b)  -> (artifact id: '7be8eb18c41907e6b901f784dd0f9353') in 0.014263 seconds
  Import took 0.019361 seconds .

========================================================================
Received Prepare
Assets/bowl/bowl.c4d: Unity no longer supports importing Cinema 4D files directly, but we're working with Maxon to make the experience better. To import Cinema 4D files, install Maxon's external importer. You can find more information on the Unity Forum: https://on.unity.com/c4d.

Please note that FBX files exported from Cinema4D are still supported.

Registering precompiled user dll's ...
Registered in 0.006417 seconds.
Begin MonoManager ReloadAssembly
Native extension for WindowsStandalone target not found
Native extension for WebGL target not found
Refreshing native plugins compatible for Editor in 0.63 ms, found 6 plugins.
Preloading 0 native plugins for Editor in 0.00 ms.
Mono: successfully reloaded assembly
- Completed reload, in  1.706 seconds
Platform modules already initialized, skipping
Refreshing native plugins compatible for Editor in 0.84 ms, found 6 plugins.
Preloading 0 native plugins for Editor in 0.00 ms.
Unloading 1224 Unused Serialized files (Serialized files now loaded: 0)
System memory in use before: 64.4 MB.
System memory in use after: 64.5 MB.

Unloading 22 unused Assets to reduce memory usage. Loaded Objects now: 1723.
Total: 4.457700 ms (FindLiveObjects: 0.477500 ms CreateObjectMapping: 0.165600 ms MarkObjects: 3.755500 ms  DeleteObjects: 0.055500 ms)

========================================================================
Received Prepare
Assets/bowl/bowl.c4d: Unity no longer supports importing Cinema 4D files directly, but we're working with Maxon to make the experience better. To import Cinema 4D files, install Maxon's external importer. You can find more information on the Unity Forum: https://on.unity.com/c4d.

Please note that FBX files exported from Cinema4D are still supported.

Registering precompiled user dll's ...
Registered in 0.005688 seconds.
Begin MonoManager ReloadAssembly
Native extension for WindowsStandalone target not found
Native extension for WebGL target not found
Refreshing native plugins compatible for Editor in 0.68 ms, found 6 plugins.
Preloading 0 native plugins for Editor in 0.00 ms.
Mono: successfully reloaded assembly
- Completed reload, in  1.315 seconds
Platform modules already initialized, skipping
Refreshing native plugins compatible for Editor in 6.98 ms, found 6 plugins.
Preloading 0 native plugins for Editor in 0.00 ms.
Unloading 1224 Unused Serialized files (Serialized files now loaded: 0)
System memory in use before: 64.4 MB.
System memory in use after: 64.5 MB.

Unloading 22 unused Assets to reduce memory usage. Loaded Objects now: 1726.
Total: 3.825900 ms (FindLiveObjects: 0.386100 ms CreateObjectMapping: 0.111500 ms MarkObjects: 3.283000 ms  DeleteObjects: 0.039600 ms)

AssetImportWorkerClient::OnTransportError - code=2 error=End of file
